<?xml version="1.0" encoding="UTF-8"?>
<!-- Generated by org.testng.reporters.JUnitReportReporter -->
<testsuite hostname="AQMIT-LPT-10781" failures="0" tests="1" name="day1.NewTest" time="8.047" errors="0" timestamp="30 Jul 2022 06:49:42 GMT" skipped="0">
  <testcase classname="day1.NewTest" name="f" time="8.047"/>
</testsuite> <!-- day1.NewTest -->
