<?xml version="1.0" encoding="UTF-8"?>
<!-- Generated by org.testng.reporters.JUnitReportReporter -->
<testsuite skipped="0" hostname="AQMIT-LPT-10781" name="day1.NewTest" tests="1" failures="0" timestamp="30 Jul 2022 06:45:13 GMT" time="8.770" errors="0">
  <testcase name="f" time="8.770" classname="day1.NewTest"/>
</testsuite> <!-- day1.NewTest -->
